----------------------------------------
HTTPAccess - lanzamiento Wed Sep 20 03:44:17 CEST 2017
----------------------------------------
Error de conexión: Server returned HTTP response code: 400 for URL: http://www.marcaa.com -> consulta hecha Wed Sep 20 03:44:18 CEST 2017
Error de conexión: Server returned HTTP response code: 400 for URL: http://www.marcaa.com -> consulta hecha Wed Sep 20 03:44:19 CEST 2017
Error de conexión: Server returned HTTP response code: 400 for URL: http://www.marcaa.com -> consulta hecha Wed Sep 20 03:44:20 CEST 2017
Error de conexión: Server returned HTTP response code: 400 for URL: http://www.marcaa.com -> consulta hecha Wed Sep 20 03:44:21 CEST 2017
----------------------------------------
HTTPAccess - lanzamiento Wed Sep 20 03:44:49 CEST 2017
----------------------------------------
Error web no existe: wwwmarcaacom -> consulta hecha Wed Sep 20 03:44:49 CEST 2017
Error web no existe: wwwmarcaacom -> consulta hecha Wed Sep 20 03:44:50 CEST 2017
Error web no existe: wwwmarcaacom -> consulta hecha Wed Sep 20 03:44:51 CEST 2017
Error web no existe: wwwmarcaacom -> consulta hecha Wed Sep 20 03:44:52 CEST 2017
----------------------------------------
HTTPAccess - lanzamiento Wed Sep 20 03:45:05 CEST 2017
----------------------------------------
Error web no existe: ....wwwmarcaacom -> consulta hecha Wed Sep 20 03:45:05 CEST 2017
Error web no existe: ....wwwmarcaacom -> consulta hecha Wed Sep 20 03:45:06 CEST 2017
Error web no existe: ....wwwmarcaacom -> consulta hecha Wed Sep 20 03:45:07 CEST 2017
----------------------------------------
HTTPAccess - lanzamiento Wed Sep 20 03:45:33 CEST 2017
----------------------------------------
Error web no existe: wwwmarcaacm -> consulta hecha Wed Sep 20 03:45:34 CEST 2017
Error web no existe: wwwmarcaacm -> consulta hecha Wed Sep 20 03:45:33 CEST 2017
Error web no existe: wwwmarcaacm -> consulta hecha Wed Sep 20 03:45:35 CEST 2017
Error web no existe: wwwmarcaacm -> consulta hecha Wed Sep 20 03:45:36 CEST 2017
----------------------------------------
HTTPAccess - lanzamiento Wed Sep 20 03:45:52 CEST 2017
----------------------------------------
Error en URL: unknown protocol: hp -> consulta hecha Wed Sep 20 03:45:52 CEST 2017
Error en URL: unknown protocol: hp -> consulta hecha Wed Sep 20 03:45:53 CEST 2017
Error en URL: unknown protocol: hp -> consulta hecha Wed Sep 20 03:45:54 CEST 2017
Error en URL: unknown protocol: hp -> consulta hecha Wed Sep 20 03:45:55 CEST 2017
----------------------------------------
HTTPAccess - lanzamiento Wed Sep 20 03:46:04 CEST 2017
----------------------------------------
Consulta errónea: Wed Sep 20 03:46:04 CEST 2017
Consulta errónea: Wed Sep 20 03:46:05 CEST 2017
Consulta errónea: Wed Sep 20 03:46:06 CEST 2017
Consulta errónea: Wed Sep 20 03:46:07 CEST 2017
----------------------------------------
HTTPAccess - lanzamiento Wed Sep 20 03:46:21 CEST 2017
----------------------------------------
Error web no existe: www.eusto.es -> consulta hecha Wed Sep 20 03:46:21 CEST 2017
Error web no existe: www.eusto.es -> consulta hecha Wed Sep 20 03:46:22 CEST 2017
Error web no existe: www.eusto.es -> consulta hecha Wed Sep 20 03:46:23 CEST 2017
----------------------------------------
HTTPAccess - lanzamiento Wed Sep 20 03:50:18 CEST 2017
----------------------------------------
Consulta errónea: Wed Sep 20 03:50:18 CEST 2017
Consulta errónea: Wed Sep 20 03:50:19 CEST 2017
Consulta errónea: Wed Sep 20 03:50:18 CEST 2017
Consulta errónea: Wed Sep 20 03:50:20 CEST 2017
Consulta errónea: Wed Sep 20 03:50:19 CEST 2017
Consulta errónea: Wed Sep 20 03:50:21 CEST 2017
Consulta errónea: Wed Sep 20 03:50:20 CEST 2017
Consulta errónea: Wed Sep 20 03:50:21 CEST 2017
Consulta errónea: Wed Sep 20 03:50:22 CEST 2017
Consulta errónea: Wed Sep 20 03:50:22 CEST 2017
Consulta errónea: Wed Sep 20 03:50:23 CEST 2017
Consulta errónea: Wed Sep 20 03:50:23 CEST 2017
Consulta errónea: Wed Sep 20 03:50:24 CEST 2017
Consulta errónea: Wed Sep 20 03:50:24 CEST 2017
Consulta errónea: Wed Sep 20 03:50:25 CEST 2017
Consulta errónea: Wed Sep 20 03:50:25 CEST 2017
Consulta errónea: Wed Sep 20 03:50:26 CEST 2017
Consulta errónea: Wed Sep 20 03:50:26 CEST 2017
Consulta errónea: Wed Sep 20 03:50:27 CEST 2017
----------------------------------------
HTTPAccess - lanzamiento Wed Sep 20 03:50:38 CEST 2017
----------------------------------------
0 consultas lanzadas...
Consulta errónea: Wed Sep 20 03:50:38 CEST 2017
Consulta errónea: Wed Sep 20 03:50:39 CEST 2017
Consulta errónea: Wed Sep 20 03:50:38 CEST 2017
Consulta errónea: Wed Sep 20 03:50:39 CEST 2017
Consulta errónea: Wed Sep 20 03:50:40 CEST 2017
Consulta errónea: Wed Sep 20 03:50:40 CEST 2017
Consulta errónea: Wed Sep 20 03:50:41 CEST 2017
Consulta errónea: Wed Sep 20 03:50:41 CEST 2017
Consulta errónea: Wed Sep 20 03:50:42 CEST 2017
Consulta errónea: Wed Sep 20 03:50:42 CEST 2017
Consulta errónea: Wed Sep 20 03:50:43 CEST 2017
Consulta errónea: Wed Sep 20 03:50:43 CEST 2017
Consulta errónea: Wed Sep 20 03:50:44 CEST 2017
Consulta errónea: Wed Sep 20 03:50:44 CEST 2017
Consulta errónea: Wed Sep 20 03:50:45 CEST 2017
Consulta errónea: Wed Sep 20 03:50:45 CEST 2017
Consulta errónea: Wed Sep 20 03:50:46 CEST 2017
Consulta errónea: Wed Sep 20 03:50:46 CEST 2017
Consulta errónea: Wed Sep 20 03:50:47 CEST 2017
Consulta errónea: Wed Sep 20 03:50:47 CEST 2017
Consulta errónea: Wed Sep 20 03:50:48 CEST 2017
Consulta errónea: Wed Sep 20 03:50:48 CEST 2017
Consulta errónea: Wed Sep 20 03:50:49 CEST 2017
Consulta errónea: Wed Sep 20 03:50:49 CEST 2017
Consulta errónea: Wed Sep 20 03:50:50 CEST 2017
Consulta errónea: Wed Sep 20 03:50:50 CEST 2017
Consulta errónea: Wed Sep 20 03:50:51 CEST 2017
Consulta errónea: Wed Sep 20 03:50:51 CEST 2017
Consulta errónea: Wed Sep 20 03:50:52 CEST 2017
Consulta errónea: Wed Sep 20 03:50:52 CEST 2017
Consulta errónea: Wed Sep 20 03:50:53 CEST 2017
Consulta errónea: Wed Sep 20 03:50:53 CEST 2017
Consulta errónea: Wed Sep 20 03:50:54 CEST 2017
Consulta errónea: Wed Sep 20 03:50:55 CEST 2017
Consulta errónea: Wed Sep 20 03:50:55 CEST 2017
Consulta errónea: Wed Sep 20 03:50:56 CEST 2017
Consulta errónea: Wed Sep 20 03:50:56 CEST 2017
